<?xml version="1.0" encoding="UTF-8"?>
<!-- Generated by org.testng.reporters.JUnitReportReporter -->
<testsuite hostname="DESKTOP-LHTQH6A" failures="0" tests="2" name="testcase_RUNNER.Assessment8" time="25.911" errors="0" timestamp="2023-01-03T19:30:56 IST" skipped="0">
  <testcase classname="testcase_RUNNER.Assessment8" name="Login" time="14.369"/>
  <system-out/>
  <testcase classname="testcase_RUNNER.Assessment8" name="Assessment" time="11.542"/>
  <system-out/>
</testsuite> <!-- testcase_RUNNER.Assessment8 -->
