<?xml version="1.0" encoding="UTF-8"?>
<!-- Generated by org.testng.reporters.JUnitReportReporter -->
<testsuite hostname="DESKTOP-LHTQH6A" failures="0" tests="1" name="testcase_RUNNER.Runner" time="0.007" errors="0" timestamp="2023-01-03T13:04:27 IST" skipped="0">
  <testcase classname="testcase_RUNNER.Runner" name="sample" time="0.007"/>
  <system-out/>
</testsuite> <!-- testcase_RUNNER.Runner -->
