<?xml version="1.0" encoding="UTF-8"?>
<!-- Generated by org.testng.reporters.JUnitReportReporter -->
<testsuite hostname="DESKTOP-LHTQH6A" failures="0" tests="5" name="testcase_RUNNER.Reusable_Methods" time="50.037" errors="0" timestamp="2023-01-02T17:19:10 IST" skipped="2">
  <testcase classname="testcase_RUNNER.Reusable_Methods" name="browser_Launch" time="7.746"/>
  <system-out/>
  <testcase classname="testcase_RUNNER.Reusable_Methods" name="Login" time="8.927"/>
  <system-out/>
  <testcase classname="testcase_RUNNER.Reusable_Methods" name="Certification" time="33.364"/>
  <system-out/>
  <testcase classname="testcase_RUNNER.Reusable_Methods" name="Major_Projects">
    <skipped/>
  </testcase> <!-- Major_Projects -->
  <system-out/>
  <testcase classname="testcase_RUNNER.Reusable_Methods" name="preference">
    <skipped/>
  </testcase> <!-- preference -->
  <system-out/>
</testsuite> <!-- testcase_RUNNER.Reusable_Methods -->
