<?xml version="1.0" encoding="UTF-8"?>
<!-- Generated by org.testng.reporters.JUnitReportReporter -->
<testsuite hostname="DESKTOP-LHTQH6A" failures="0" tests="2" name="testcase_RUNNER.Reusable_Methods_Profile" time="32.330" errors="0" timestamp="2023-03-14T00:10:20 IST" skipped="0">
  <testcase classname="testcase_RUNNER.Reusable_Methods_Profile" name="Login" time="7.306"/>
  <system-out/>
  <testcase classname="testcase_RUNNER.Reusable_Methods_Profile" name="Testimonials" time="25.024"/>
  <system-out/>
</testsuite> <!-- testcase_RUNNER.Reusable_Methods_Profile -->
